<?xml version="1.0" encoding="UTF-8"?>
<testsuite name="com.example.MiniProject2.MiniProject2ApplicationTests" tests="1" skipped="0" failures="0" errors="0" timestamp="2022-06-21T09:38:54" hostname="DESKTOP-TFBFNVC" time="0.133">
  <properties/>
  <testcase name="contextLoads()" classname="com.example.MiniProject2.MiniProject2ApplicationTests" time="0.133"/>
  <system-out><![CDATA[18:38:50.008 [Test worker] DEBUG org.springframework.test.context.BootstrapUtils - Instantiating CacheAwareContextLoaderDelegate from class [org.springframework.test.context.cache.DefaultCacheAwareContextLoaderDelegate]
18:38:50.023 [Test worker] DEBUG org.springframework.test.context.BootstrapUtils - Instantiating BootstrapContext using constructor [public org.springframework.test.context.support.DefaultBootstrapContext(java.lang.Class,org.springframework.test.context.CacheAwareContextLoaderDelegate)]
18:38:50.055 [Test worker] DEBUG org.springframework.test.context.BootstrapUtils - Instantiating TestContextBootstrapper for test class [com.example.MiniProject2.MiniProject2ApplicationTests] from class [org.springframework.boot.test.context.SpringBootTestContextBootstrapper]
18:38:50.070 [Test worker] INFO org.springframework.boot.test.context.SpringBootTestContextBootstrapper - Neither @ContextConfiguration nor @ContextHierarchy found for test class [com.example.MiniProject2.MiniProject2ApplicationTests], using SpringBootContextLoader
18:38:50.070 [Test worker] DEBUG org.springframework.test.context.support.AbstractContextLoader - Did not detect default resource location for test class [com.example.MiniProject2.MiniProject2ApplicationTests]: class path resource [com/example/MiniProject2/MiniProject2ApplicationTests-context.xml] does not exist
18:38:50.070 [Test worker] DEBUG org.springframework.test.context.support.AbstractContextLoader - Did not detect default resource location for test class [com.example.MiniProject2.MiniProject2ApplicationTests]: class path resource [com/example/MiniProject2/MiniProject2ApplicationTestsContext.groovy] does not exist
18:38:50.070 [Test worker] INFO org.springframework.test.context.support.AbstractContextLoader - Could not detect default resource locations for test class [com.example.MiniProject2.MiniProject2ApplicationTests]: no resource found for suffixes {-context.xml, Context.groovy}.
18:38:50.070 [Test worker] INFO org.springframework.test.context.support.AnnotationConfigContextLoaderUtils - Could not detect default configuration classes for test class [com.example.MiniProject2.MiniProject2ApplicationTests]: MiniProject2ApplicationTests does not declare any static, non-private, non-final, nested classes annotated with @Configuration.
18:38:50.117 [Test worker] DEBUG org.springframework.test.context.support.ActiveProfilesUtils - Could not find an 'annotation declaring class' for annotation type [org.springframework.test.context.ActiveProfiles] and class [com.example.MiniProject2.MiniProject2ApplicationTests]
18:38:50.180 [Test worker] DEBUG org.springframework.context.annotation.ClassPathScanningCandidateComponentProvider - Identified candidate component class: file [E:\mini\MiniProject2\build\classes\java\main\com\example\MiniProject2\MiniProject2Application.class]
18:38:50.180 [Test worker] INFO org.springframework.boot.test.context.SpringBootTestContextBootstrapper - Found @SpringBootConfiguration com.example.MiniProject2.MiniProject2Application for test class com.example.MiniProject2.MiniProject2ApplicationTests
18:38:50.273 [Test worker] DEBUG org.springframework.boot.test.context.SpringBootTestContextBootstrapper - @TestExecutionListeners is not present for class [com.example.MiniProject2.MiniProject2ApplicationTests]: using defaults.
18:38:50.273 [Test worker] INFO org.springframework.boot.test.context.SpringBootTestContextBootstrapper - Loaded default TestExecutionListener class names from location [META-INF/spring.factories]: [org.springframework.boot.test.autoconfigure.restdocs.RestDocsTestExecutionListener, org.springframework.boot.test.autoconfigure.web.client.MockRestServiceServerResetTestExecutionListener, org.springframework.boot.test.autoconfigure.web.servlet.MockMvcPrintOnlyOnFailureTestExecutionListener, org.springframework.boot.test.autoconfigure.web.servlet.WebDriverTestExecutionListener, org.springframework.boot.test.autoconfigure.webservices.client.MockWebServiceServerTestExecutionListener, org.springframework.boot.test.mock.mockito.MockitoTestExecutionListener, org.springframework.boot.test.mock.mockito.ResetMocksTestExecutionListener, org.springframework.test.context.web.ServletTestExecutionListener, org.springframework.test.context.support.DirtiesContextBeforeModesTestExecutionListener, org.springframework.test.context.event.ApplicationEventsTestExecutionListener, org.springframework.test.context.support.DependencyInjectionTestExecutionListener, org.springframework.test.context.support.DirtiesContextTestExecutionListener, org.springframework.test.context.transaction.TransactionalTestExecutionListener, org.springframework.test.context.jdbc.SqlScriptsTestExecutionListener, org.springframework.test.context.event.EventPublishingTestExecutionListener]
18:38:50.305 [Test worker] INFO org.springframework.boot.test.context.SpringBootTestContextBootstrapper - Using TestExecutionListeners: [org.springframework.test.context.web.ServletTestExecutionListener@37d3d232, org.springframework.test.context.support.DirtiesContextBeforeModesTestExecutionListener@30c0ccff, org.springframework.test.context.event.ApplicationEventsTestExecutionListener@581d969c, org.springframework.boot.test.mock.mockito.MockitoTestExecutionListener@22db8f4, org.springframework.boot.test.autoconfigure.SpringBootDependencyInjectionTestExecutionListener@2b46a8c1, org.springframework.test.context.support.DirtiesContextTestExecutionListener@1d572e62, org.springframework.test.context.transaction.TransactionalTestExecutionListener@29caf222, org.springframework.test.context.jdbc.SqlScriptsTestExecutionListener@46cf05f7, org.springframework.test.context.event.EventPublishingTestExecutionListener@5851bd4f, org.springframework.boot.test.autoconfigure.restdocs.RestDocsTestExecutionListener@7cd1ac19, org.springframework.boot.test.autoconfigure.web.client.MockRestServiceServerResetTestExecutionListener@2f40a43, org.springframework.boot.test.autoconfigure.web.servlet.MockMvcPrintOnlyOnFailureTestExecutionListener@3caa4757, org.springframework.boot.test.autoconfigure.web.servlet.WebDriverTestExecutionListener@69c43e48, org.springframework.boot.test.autoconfigure.webservices.client.MockWebServiceServerTestExecutionListener@1804f60d, org.springframework.boot.test.mock.mockito.ResetMocksTestExecutionListener@3a80515c]
18:38:50.305 [Test worker] DEBUG org.springframework.test.context.support.AbstractDirtiesContextTestExecutionListener - Before test class: context [DefaultTestContext@28c0b664 testClass = MiniProject2ApplicationTests, testInstance = [null], testMethod = [null], testException = [null], mergedContextConfiguration = [WebMergedContextConfiguration@2c444798 testClass = MiniProject2ApplicationTests, locations = '{}', classes = '{class com.example.MiniProject2.MiniProject2Application}', contextInitializerClasses = '[]', activeProfiles = '{}', propertySourceLocations = '{}', propertySourceProperties = '{org.springframework.boot.test.context.SpringBootTestContextBootstrapper=true}', contextCustomizers = set[org.springframework.boot.test.autoconfigure.actuate.metrics.MetricsExportContextCustomizerFactory$DisableMetricExportContextCustomizer@3f792b9b, org.springframework.boot.test.autoconfigure.properties.PropertyMappingContextCustomizer@0, org.springframework.boot.test.autoconfigure.web.servlet.WebDriverContextCustomizerFactory$Customizer@26425897, org.springframework.boot.test.context.filter.ExcludeFilterContextCustomizer@20a8a64e, org.springframework.boot.test.json.DuplicateJsonObjectContextCustomizerFactory$DuplicateJsonObjectContextCustomizer@65b3a85a, org.springframework.boot.test.mock.mockito.MockitoContextCustomizer@0, org.springframework.boot.test.web.client.TestRestTemplateContextCustomizer@15cafec7, org.springframework.boot.test.context.SpringBootTestArgs@1, org.springframework.boot.test.context.SpringBootTestWebEnvironment@35a3d49f], resourceBasePath = 'src/main/webapp', contextLoader = 'org.springframework.boot.test.context.SpringBootContextLoader', parent = [null]], attributes = map['org.springframework.test.context.web.ServletTestExecutionListener.activateListener' -> true]], class annotated with @DirtiesContext [false] with mode [null].

  .   ____          _            __ _ _
 /\\ / ___'_ __ _ _(_)_ __  __ _ \ \ \ \
( ( )\___ | '_ | '_| | '_ \/ _` | \ \ \ \
 \\/  ___)| |_)| | | | | || (_| |  ) ) ) )
  '  |____| .__|_| |_|_| |_\__, | / / / /
 =========|_|==============|___/=/_/_/_/
 :: Spring Boot ::                (v2.7.0)

2022-06-21 18:38:50.680  INFO 1280 --- [    Test worker] c.e.M.MiniProject2ApplicationTests       : Starting MiniProject2ApplicationTests using Java 11.0.15.1 on DESKTOP-TFBFNVC with PID 1280 (started by BIT in E:\mini\MiniProject2)
2022-06-21 18:38:50.680  INFO 1280 --- [    Test worker] c.e.M.MiniProject2ApplicationTests       : No active profile set, falling back to 1 default profile: "default"
2022-06-21 18:38:51.367  INFO 1280 --- [    Test worker] .s.d.r.c.RepositoryConfigurationDelegate : Bootstrapping Spring Data JPA repositories in DEFAULT mode.
2022-06-21 18:38:51.414  INFO 1280 --- [    Test worker] .s.d.r.c.RepositoryConfigurationDelegate : Finished Spring Data repository scanning in 43 ms. Found 1 JPA repository interfaces.
2022-06-21 18:38:51.992  INFO 1280 --- [    Test worker] o.hibernate.jpa.internal.util.LogHelper  : HHH000204: Processing PersistenceUnitInfo [name: default]
2022-06-21 18:38:52.054  INFO 1280 --- [    Test worker] org.hibernate.Version                    : HHH000412: Hibernate ORM core version 5.6.9.Final
2022-06-21 18:38:52.257  INFO 1280 --- [    Test worker] o.hibernate.annotations.common.Version   : HCANN000001: Hibernate Commons Annotations {5.1.2.Final}
2022-06-21 18:38:52.367  INFO 1280 --- [    Test worker] com.zaxxer.hikari.HikariDataSource       : HikariPool-1 - Starting...
2022-06-21 18:38:52.589  INFO 1280 --- [    Test worker] com.zaxxer.hikari.HikariDataSource       : HikariPool-1 - Start completed.
2022-06-21 18:38:52.620  INFO 1280 --- [    Test worker] org.hibernate.dialect.Dialect            : HHH000400: Using dialect: org.hibernate.dialect.MySQL8Dialect
2022-06-21 18:38:53.561  INFO 1280 --- [    Test worker] o.h.e.t.j.p.i.JtaPlatformInitiator       : HHH000490: Using JtaPlatform implementation: [org.hibernate.engine.transaction.jta.platform.internal.NoJtaPlatform]
2022-06-21 18:38:53.576  INFO 1280 --- [    Test worker] j.LocalContainerEntityManagerFactoryBean : Initialized JPA EntityManagerFactory for persistence unit 'default'
2022-06-21 18:38:54.185  WARN 1280 --- [    Test worker] JpaBaseConfiguration$JpaWebConfiguration : spring.jpa.open-in-view is enabled by default. Therefore, database queries may be performed during view rendering. Explicitly configure spring.jpa.open-in-view to disable this warning
2022-06-21 18:38:54.748  WARN 1280 --- [    Test worker] ion$DefaultTemplateResolverConfiguration : Cannot find template location: classpath:/templates/ (please add some templates or check your Thymeleaf configuration)
2022-06-21 18:38:54.935  INFO 1280 --- [    Test worker] c.e.M.MiniProject2ApplicationTests       : Started MiniProject2ApplicationTests in 4.594 seconds (JVM running for 5.832)
]]></system-out>
  <system-err><![CDATA[]]></system-err>
</testsuite>
